0 info it worked if it ends with ok
1 verbose cli [ 'node',
1 verbose cli   '/usr/local/bin/npm',
1 verbose cli   'install',
1 verbose cli   '-g',
1 verbose cli   'cordova',
1 verbose cli   'ionic' ]
2 info using npm@2.11.3
3 info using node@v0.12.7
4 verbose install initial load of /usr/local/lib/package.json
5 verbose readDependencies loading dependencies from /usr/local/lib/package.json
6 silly cache add args [ 'cordova', null ]
7 verbose cache add spec cordova
8 silly cache add args [ 'ionic', null ]
9 verbose cache add spec ionic
10 silly cache add parsed spec { raw: 'cordova',
10 silly cache add   scope: null,
10 silly cache add   name: 'cordova',
10 silly cache add   rawSpec: '',
10 silly cache add   spec: '*',
10 silly cache add   type: 'range' }
11 silly addNamed cordova@*
12 verbose addNamed "*" is a valid semver range for cordova
13 silly addNameRange { name: 'cordova', range: '*', hasData: false }
14 silly mapToRegistry name cordova
15 silly mapToRegistry using default registry
16 silly mapToRegistry registry https://registry.npmjs.org/
17 silly mapToRegistry uri https://registry.npmjs.org/cordova
18 verbose addNameRange registry:https://registry.npmjs.org/cordova not in flight; fetching
19 silly cache add parsed spec { raw: 'ionic',
19 silly cache add   scope: null,
19 silly cache add   name: 'ionic',
19 silly cache add   rawSpec: '',
19 silly cache add   spec: '*',
19 silly cache add   type: 'range' }
20 silly addNamed ionic@*
21 verbose addNamed "*" is a valid semver range for ionic
22 silly addNameRange { name: 'ionic', range: '*', hasData: false }
23 silly mapToRegistry name ionic
24 silly mapToRegistry using default registry
25 silly mapToRegistry registry https://registry.npmjs.org/
26 silly mapToRegistry uri https://registry.npmjs.org/ionic
27 verbose addNameRange registry:https://registry.npmjs.org/ionic not in flight; fetching
28 verbose request uri https://registry.npmjs.org/cordova
29 verbose request no auth needed
30 info attempt registry request try #1 at 2:15:46 PM
31 verbose request id c76bfdaf19d8e657
32 http request GET https://registry.npmjs.org/cordova
33 verbose request uri https://registry.npmjs.org/ionic
34 verbose request no auth needed
35 info attempt registry request try #1 at 2:15:46 PM
36 http request GET https://registry.npmjs.org/ionic
37 http 200 https://registry.npmjs.org/cordova
38 silly get cb [ 200,
38 silly get   { server: 'CouchDB/1.5.0 (Erlang OTP/R16B03)',
38 silly get     etag: '"1PQCBCSNJDHDLR6CBVFT7DFCP"',
38 silly get     'content-type': 'application/json',
38 silly get     'cache-control': 'max-age=60',
38 silly get     'content-length': '352088',
38 silly get     'accept-ranges': 'bytes',
38 silly get     date: 'Fri, 17 Jul 2015 21:15:48 GMT',
38 silly get     via: '1.1 varnish',
38 silly get     age: '1',
38 silly get     connection: 'keep-alive',
38 silly get     'x-served-by': 'cache-lax1430-LAX',
38 silly get     'x-cache': 'HIT',
38 silly get     'x-cache-hits': '1',
38 silly get     'x-timer': 'S1437167748.381893,VS0,VE2',
38 silly get     vary: 'Accept' } ]
39 verbose get saving cordova to /Users/raquelnatalimariz/.npm/registry.npmjs.org/cordova/.cache.json
40 verbose getCacheStat cache creation not in flight; initializing
41 silly addNameRange number 2 { name: 'cordova', range: '*', hasData: true }
42 silly addNameRange versions [ 'cordova',
42 silly addNameRange   [ '0.0.1',
42 silly addNameRange     '0.0.2',
42 silly addNameRange     '0.0.3',
42 silly addNameRange     '0.0.4',
42 silly addNameRange     '0.0.5',
42 silly addNameRange     '0.0.6',
42 silly addNameRange     '0.0.7',
42 silly addNameRange     '0.0.8',
42 silly addNameRange     '0.0.9',
42 silly addNameRange     '0.1.0',
42 silly addNameRange     '0.1.1',
42 silly addNameRange     '0.1.2',
42 silly addNameRange     '0.1.3',
42 silly addNameRange     '0.1.4',
42 silly addNameRange     '0.1.5',
42 silly addNameRange     '0.1.6',
42 silly addNameRange     '0.1.7',
42 silly addNameRange     '0.1.8',
42 silly addNameRange     '0.1.9',
42 silly addNameRange     '0.1.10',
42 silly addNameRange     '0.1.11',
42 silly addNameRange     '0.1.12',
42 silly addNameRange     '0.1.13',
42 silly addNameRange     '0.1.14',
42 silly addNameRange     '2.2.0',
42 silly addNameRange     '2.3.0',
42 silly addNameRange     '2.3.1',
42 silly addNameRange     '2.3.2',
42 silly addNameRange     '2.3.3',
42 silly addNameRange     '2.3.5',
42 silly addNameRange     '2.3.6',
42 silly addNameRange     '2.4.0',
42 silly addNameRange     '2.4.1',
42 silly addNameRange     '2.4.2',
42 silly addNameRange     '2.4.3',
42 silly addNameRange     '2.4.4',
42 silly addNameRange     '2.4.5',
42 silly addNameRange     '2.4.6',
42 silly addNameRange     '2.4.7',
42 silly addNameRange     '2.4.8',
42 silly addNameRange     '2.4.9',
42 silly addNameRange     '2.4.10',
42 silly addNameRange     '2.5.0',
42 silly addNameRange     '2.5.2',
42 silly addNameRange     '2.5.3',
42 silly addNameRange     '2.5.4',
42 silly addNameRange     '2.5.5',
42 silly addNameRange     '2.6.0',
42 silly addNameRange     '2.6.1',
42 silly addNameRange     '2.6.2',
42 silly addNameRange     '2.7.0-rc.1',
42 silly addNameRange     '2.7.1-rc.1',
42 silly addNameRange     '2.7.2',
42 silly addNameRange     '2.7.3',
42 silly addNameRange     '2.7.4',
42 silly addNameRange     '2.8.0',
42 silly addNameRange     '2.8.1',
42 silly addNameRange     '2.8.2',
42 silly addNameRange     '2.8.3',
42 silly addNameRange     '2.8.4',
42 silly addNameRange     '2.8.5',
42 silly addNameRange     '2.8.6',
42 silly addNameRange     '2.8.7',
42 silly addNameRange     '2.8.8',
42 silly addNameRange     '2.8.9',
42 silly addNameRange     '2.8.10',
42 silly addNameRange     '2.8.11',
42 silly addNameRange     '2.8.12',
42 silly addNameRange     '2.8.13',
42 silly addNameRange     '2.8.14',
42 silly addNameRange     '2.8.15',
42 silly addNameRange     '2.8.16',
42 silly addNameRange     '2.8.17',
42 silly addNameRange     '2.8.18',
42 silly addNameRange     '2.8.19',
42 silly addNameRange     '2.8.20',
42 silly addNameRange     '2.8.21',
42 silly addNameRange     '2.8.22',
42 silly addNameRange     '2.8.23',
42 silly addNameRange     '2.8.24',
42 silly addNameRange     '2.8.25',
42 silly addNameRange     '2.9.0',
42 silly addNameRange     '2.9.1',
42 silly addNameRange     '2.9.2',
42 silly addNameRange     '2.9.3',
42 silly addNameRange     '2.9.4',
42 silly addNameRange     '2.9.5',
42 silly addNameRange     '2.9.6',
42 silly addNameRange     '2.9.7',
42 silly addNameRange     '3.0.0-rc1',
42 silly addNameRange     '3.0.0-rc1-1',
42 silly addNameRange     '3.0.0-rc1-3',
42 silly addNameRange     '3.0.0',
42 silly addNameRange     '3.0.1',
42 silly addNameRange     '3.0.2',
42 silly addNameRange     '3.0.3',
42 silly addNameRange     '3.0.4',
42 silly addNameRange     '3.0.5',
42 silly addNameRange     '3.0.6',
42 silly addNameRange     '3.0.7',
42 silly addNameRange     '3.0.8',
42 silly addNameRange     '3.0.9',
42 silly addNameRange     '3.0.10',
42 silly addNameRange     '3.1.0-0.1.0',
42 silly addNameRange     '3.1.0-0.2.0',
42 silly addNameRange     '3.2.0-rc.1',
42 silly addNameRange     '3.2.0-0.1.0',
42 silly addNameRange     '3.2.0-0.2.0',
42 silly addNameRange     '3.2.0-0.3.0',
42 silly addNameRange     '3.2.0-0.4.0',
42 silly addNameRange     '3.3.0-rc.1',
42 silly addNameRange     '3.3.0-0.1.1',
42 silly addNameRange     '3.3.1-0.1.2',
42 silly addNameRange     '2.9.0-rc1',
42 silly addNameRange     '3.3.1-0.3.0',
42 silly addNameRange     '3.3.1-0.3.1',
42 silly addNameRange     '3.3.1-0.4.1',
42 silly addNameRange     '3.3.1-0.4.2',
42 silly addNameRange     '3.4.0-0.1.0',
42 silly addNameRange     '3.4.0-0.1.1',
42 silly addNameRange     '3.4.0-0.1.2',
42 silly addNameRange     '3.4.0-0.1.3',
42 silly addNameRange     '0.0.0-fake',
42 silly addNameRange     '3.4.1-0.1.0',
42 silly addNameRange     '3.5.0-0.2.0',
42 silly addNameRange     '3.5.0-0.2.1',
42 silly addNameRange     '3.5.0-0.2.2',
42 silly addNameRange     '3.5.0-0.2.3',
42 silly addNameRange     '3.5.0-0.2.4',
42 silly addNameRange     '3.5.0-0.2.6',
42 silly addNameRange     '3.5.0-0.2.7',
42 silly addNameRange     '3.6.0-0.2.8',
42 silly addNameRange     '3.6.0-0.2.9',
42 silly addNameRange     '3.6.1-0.2.10',
42 silly addNameRange     '3.6.3-0.2.11',
42 silly addNameRange     '3.6.3-0.2.12',
42 silly addNameRange     '3.6.3-0.2.13',
42 silly addNameRange     '4.0.0',
42 silly addNameRange     '4.0.1',
42 silly addNameRange     '4.1.0',
42 silly addNameRange     '4.1.1',
42 silly addNameRange     '4.1.2',
42 silly addNameRange     '4.1.3-nightly.2014.10.21',
42 silly addNameRange     '4.2.0',
42 silly addNameRange     '4.3.0',
42 silly addNameRange     '5.0.0',
42 silly addNameRange     '4.3.1',
42 silly addNameRange     '5.1.1' ] ]
43 silly addNamed cordova@5.1.1
44 verbose addNamed "5.1.1" is a plain semver version for cordova
45 silly mapToRegistry name cordova
46 silly mapToRegistry using default registry
47 silly mapToRegistry registry https://registry.npmjs.org/
48 silly mapToRegistry uri https://registry.npmjs.org/cordova
49 verbose addRemoteTarball https://registry.npmjs.org/cordova/-/cordova-5.1.1.tgz not in flight; adding
50 verbose addRemoteTarball [ 'https://registry.npmjs.org/cordova/-/cordova-5.1.1.tgz',
50 verbose addRemoteTarball   'a9da84a4b42eac67d4b661246c7a6704c350eaae' ]
51 info retry fetch attempt 1 at 2:15:49 PM
52 info attempt registry request try #1 at 2:15:49 PM
53 http fetch GET https://registry.npmjs.org/cordova/-/cordova-5.1.1.tgz
54 http 200 https://registry.npmjs.org/ionic
55 silly get cb [ 200,
55 silly get   { server: 'CouchDB/1.5.0 (Erlang OTP/R16B03)',
55 silly get     etag: '"1HYHGJAIZKNZREOYE98QKFT4Y"',
55 silly get     'content-type': 'application/json',
55 silly get     'cache-control': 'max-age=60',
55 silly get     'content-length': '442610',
55 silly get     'accept-ranges': 'bytes',
55 silly get     date: 'Fri, 17 Jul 2015 21:15:48 GMT',
55 silly get     via: '1.1 varnish',
55 silly get     age: '20',
55 silly get     connection: 'keep-alive',
55 silly get     'x-served-by': 'cache-lax1433-LAX',
55 silly get     'x-cache': 'HIT',
55 silly get     'x-cache-hits': '1',
55 silly get     'x-timer': 'S1437167748.382462,VS0,VE3',
55 silly get     vary: 'Accept' } ]
56 verbose get saving ionic to /Users/raquelnatalimariz/.npm/registry.npmjs.org/ionic/.cache.json
57 silly addNameRange number 2 { name: 'ionic', range: '*', hasData: true }
58 silly addNameRange versions [ 'ionic',
58 silly addNameRange   [ '0.9.6',
58 silly addNameRange     '0.9.8',
58 silly addNameRange     '0.9.9',
58 silly addNameRange     '0.9.10',
58 silly addNameRange     '0.9.11',
58 silly addNameRange     '0.9.12',
58 silly addNameRange     '0.9.13',
58 silly addNameRange     '0.9.14',
58 silly addNameRange     '0.9.15',
58 silly addNameRange     '0.9.16',
58 silly addNameRange     '1.0.0-beta.1',
58 silly addNameRange     '1.0.0-beta',
58 silly addNameRange     '1.0.1-beta',
58 silly addNameRange     '1.0.3-beta',
58 silly addNameRange     '1.0.4',
58 silly addNameRange     '1.0.5',
58 silly addNameRange     '1.0.6',
58 silly addNameRange     '1.0.7',
58 silly addNameRange     '1.0.8',
58 silly addNameRange     '1.0.9',
58 silly addNameRange     '1.0.10',
58 silly addNameRange     '1.0.11',
58 silly addNameRange     '1.0.12',
58 silly addNameRange     '1.0.13',
58 silly addNameRange     '1.0.14',
58 silly addNameRange     '1.0.15',
58 silly addNameRange     '1.0.16',
58 silly addNameRange     '1.0.17',
58 silly addNameRange     '1.1.0-beta1',
58 silly addNameRange     '1.1.0-beta2',
58 silly addNameRange     '1.1.0-beta3',
58 silly addNameRange     '1.1.0-beta4',
58 silly addNameRange     '1.1.0-beta5',
58 silly addNameRange     '1.1.0-beta6',
58 silly addNameRange     '1.1.0',
58 silly addNameRange     '1.1.1-beta1',
58 silly addNameRange     '1.1.1-beta2',
58 silly addNameRange     '1.1.1-beta3',
58 silly addNameRange     '1.1.1',
58 silly addNameRange     '1.1.3',
58 silly addNameRange     '1.1.4',
58 silly addNameRange     '1.1.5-beta1',
58 silly addNameRange     '1.1.5-beta2',
58 silly addNameRange     '1.1.5-beta3',
58 silly addNameRange     '1.1.5-beta4',
58 silly addNameRange     '1.1.5-beta5',
58 silly addNameRange     '1.1.5',
58 silly addNameRange     '1.1.6',
58 silly addNameRange     '1.1.7-beta1',
58 silly addNameRange     '1.1.7',
58 silly addNameRange     '1.1.8-beta1',
58 silly addNameRange     '1.1.8-beta2',
58 silly addNameRange     '1.1.8-beta3',
58 silly addNameRange     '1.1.8-beta4',
58 silly addNameRange     '1.1.8-beta5',
58 silly addNameRange     '1.1.8',
58 silly addNameRange     '1.1.9-beta1',
58 silly addNameRange     '1.1.9',
58 silly addNameRange     '1.1.10',
58 silly addNameRange     '1.1.11-beta1',
58 silly addNameRange     '1.1.11-beta2',
58 silly addNameRange     '1.1.11',
58 silly addNameRange     '1.1.12-beta1',
58 silly addNameRange     '1.1.12-beta2',
58 silly addNameRange     '1.1.12-beta3',
58 silly addNameRange     '1.1.12',
58 silly addNameRange     '1.1.13',
58 silly addNameRange     '1.1.14-beta1',
58 silly addNameRange     '1.1.14-beta2',
58 silly addNameRange     '1.1.14-beta3',
58 silly addNameRange     '1.2.0-beta1',
58 silly addNameRange     '1.2.0',
58 silly addNameRange     '1.2.1-beta1',
58 silly addNameRange     '1.2.1-beta2',
58 silly addNameRange     '1.2.1-beta3',
58 silly addNameRange     '1.2.1-beta4',
58 silly addNameRange     '1.2.1',
58 silly addNameRange     '1.2.2',
58 silly addNameRange     '1.2.3-beta1',
58 silly addNameRange     '1.2.3-beta2',
58 silly addNameRange     '1.2.3-beta3',
58 silly addNameRange     '1.2.3',
58 silly addNameRange     '1.2.4-beta1',
58 silly addNameRange     '1.2.4-beta2',
58 silly addNameRange     '1.2.4-beta3',
58 silly addNameRange     '1.2.4',
58 silly addNameRange     '1.2.5-beta1',
58 silly addNameRange     '1.2.5-beta2',
58 silly addNameRange     '1.2.5-beta3',
58 silly addNameRange     '1.2.5',
58 silly addNameRange     '1.2.6-beta1',
58 silly addNameRange     '1.2.6-beta2',
58 silly addNameRange     '1.2.6-beta3',
58 silly addNameRange     '1.2.6',
58 silly addNameRange     '1.2.7',
58 silly addNameRange     '1.2.8-beta1',
58 silly addNameRange     '1.2.8-beta2',
58 silly addNameRange     '1.2.8',
58 silly addNameRange     '1.2.9',
58 silly addNameRange     '1.2.10',
58 silly addNameRange     '1.2.11',
58 silly addNameRange     '1.2.12',
58 silly addNameRange     '1.2.13',
58 silly addNameRange     '1.2.14-beta1',
58 silly addNameRange     '1.2.14-beta2',
58 silly addNameRange     '1.2.14-beta3',
58 silly addNameRange     '1.2.14-beta4',
58 silly addNameRange     '1.2.14-beta5',
58 silly addNameRange     '1.2.14-beta6',
58 silly addNameRange     '1.2.14',
58 silly addNameRange     '1.3.0-beta1',
58 silly addNameRange     '1.3.0',
58 silly addNameRange     '1.3.1',
58 silly addNameRange     '1.3.2',
58 silly addNameRange     '1.3.3',
58 silly addNameRange     '1.3.4',
58 silly addNameRange     '1.3.5',
58 silly addNameRange     '1.3.6',
58 silly addNameRange     '1.3.7',
58 silly addNameRange     '1.3.8',
58 silly addNameRange     '1.3.9',
58 silly addNameRange     '1.3.10',
58 silly addNameRange     '1.4.0-alpha.1',
58 silly addNameRange     '1.3.11',
58 silly addNameRange     '1.3.1-1.alpha.0',
58 silly addNameRange     '1.4.0-alpha.2',
58 silly addNameRange     '1.3.12',
58 silly addNameRange     '1.3.12-beta.1',
58 silly addNameRange     '1.3.12-beta.2',
58 silly addNameRange     '1.3.13-beta.0',
58 silly addNameRange     '1.3.1-3.beta.1',
58 silly addNameRange     '1.3.1-3.beta.2',
58 silly addNameRange     '1.3.13',
58 silly addNameRange     '1.3.1-3.beta.4',
58 silly addNameRange     '1.3.14-beta',
58 silly addNameRange     '1.3.14-beta.1',
58 silly addNameRange     '1.4.0-alpha.3',
58 silly addNameRange     '1.3.14',
58 silly addNameRange     '1.4.0-alpha.4',
58 silly addNameRange     '1.4.0-alpha.5',
58 silly addNameRange     '1.3.15-beta.0',
58 silly addNameRange     '1.3.15-beta.1',
58 silly addNameRange     '1.3.15-beta.2',
58 silly addNameRange     '1.3.15-beta.3',
58 silly addNameRange     '1.3.15-beta.4',
58 silly addNameRange     '1.3.15',
58 silly addNameRange     '1.3.16',
58 silly addNameRange     '1.4.0-alpha.6',
58 silly addNameRange     '1.3.17-beta.0',
58 silly addNameRange     '1.3.17-beta.1',
58 silly addNameRange     '1.3.17-beta.2',
58 silly addNameRange     '1.3.17-beta.3',
58 silly addNameRange     '1.3.1-7.beta.4',
58 silly addNameRange     '1.3.17',
58 silly addNameRange     '1.3.18-beta.0',
58 silly addNameRange     '1.3.18-beta.1',
58 silly addNameRange     '1.3.18-beta.2',
58 silly addNameRange     '1.3.18-beta.3',
58 silly addNameRange     '1.3.18',
58 silly addNameRange     '1.3.19-beta.0',
58 silly addNameRange     '1.3.19-beta.1',
58 silly addNameRange     '1.3.19-beta.2',
58 silly addNameRange     '1.3.19-beta.3',
58 silly addNameRange     '1.3.19-beta.4',
58 silly addNameRange     '1.3.19',
58 silly addNameRange     '1.3.20',
58 silly addNameRange     '1.4.1-beta.0',
58 silly addNameRange     '1.4.0-beta.1',
58 silly addNameRange     '1.4.0-beta.2',
58 silly addNameRange     '1.4.0-beta.3',
58 silly addNameRange     '1.4.0-beta.5',
58 silly addNameRange     '1.4.0-beta.6',
58 silly addNameRange     '1.4.0-beta.7',
58 silly addNameRange     '1.3.21-beta.0',
58 silly addNameRange     '1.3.21-beta.1',
58 silly addNameRange     '1.3.21',
58 silly addNameRange     '1.3.22',
58 silly addNameRange     '1.4.0-beta.8',
58 silly addNameRange     '1.4.0-beta.9',
58 silly addNameRange     '1.4.0-beta.10',
58 silly addNameRange     '1.4.0-beta.11',
58 silly addNameRange     '1.4.0-beta.12',
58 silly addNameRange     '1.4.0-beta.13',
58 silly addNameRange     '1.4.0-beta.14',
58 silly addNameRange     '1.4.0-beta.15',
58 silly addNameRange     '1.4.0-beta.16',
58 silly addNameRange     '1.4.0-beta.17',
58 silly addNameRange     '1.4.0-beta.18',
58 silly addNameRange     '1.4.0',
58 silly addNameRange     '1.4.1',
58 silly addNameRange     '1.4.2',
58 silly addNameRange     '1.4.3',
58 silly addNameRange     '1.4.4-beta.0',
58 silly addNameRange     '1.4.4-beta.2',
58 silly addNameRange     '1.4.4',
58 silly addNameRange     '1.4.5-beta.0',
58 silly addNameRange     '1.4.5-beta.1',
58 silly addNameRange     '1.4.5-beta.2',
58 silly addNameRange     '1.4.5-beta.3',
58 silly addNameRange     '1.4.5',
58 silly addNameRange     '1.4.6-beta.0',
58 silly addNameRange     '1.4.6',
58 silly addNameRange     '1.4.7',
58 silly addNameRange     '1.4.8',
58 silly addNameRange     '1.5.0-beta.0',
58 silly addNameRange     '1.5.0-beta.1',
58 silly addNameRange     '1.5.0',
58 silly addNameRange     '1.5.1-beta.0',
58 silly addNameRange     '1.5.1-beta.1',
58 silly addNameRange     '1.5.1-beta.2',
58 silly addNameRange     '1.5.1-beta.3',
58 silly addNameRange     '1.5.1-beta.4',
58 silly addNameRange     '1.5.1',
58 silly addNameRange     '1.5.2',
58 silly addNameRange     '1.5.3',
58 silly addNameRange     '1.5.4',
58 silly addNameRange     '1.5.5',
58 silly addNameRange     '1.6.0-beta.1',
58 silly addNameRange     '1.6.0',
58 silly addNameRange     '1.6.1' ] ]
59 silly addNamed ionic@1.6.1
60 verbose addNamed "1.6.1" is a plain semver version for ionic
61 silly mapToRegistry name ionic
62 silly mapToRegistry using default registry
63 silly mapToRegistry registry https://registry.npmjs.org/
64 silly mapToRegistry uri https://registry.npmjs.org/ionic
65 verbose addRemoteTarball https://registry.npmjs.org/ionic/-/ionic-1.6.1.tgz not in flight; adding
66 verbose addRemoteTarball [ 'https://registry.npmjs.org/ionic/-/ionic-1.6.1.tgz',
66 verbose addRemoteTarball   'a523c04601dc594bc15ff3913ec5e376ccaafb8b' ]
67 info retry fetch attempt 1 at 2:15:50 PM
68 info attempt registry request try #1 at 2:15:50 PM
69 http fetch GET https://registry.npmjs.org/ionic/-/ionic-1.6.1.tgz
70 http fetch 200 https://registry.npmjs.org/cordova/-/cordova-5.1.1.tgz
71 silly fetchAndShaCheck shasum a9da84a4b42eac67d4b661246c7a6704c350eaae
72 verbose addTmpTarball /var/folders/pr/jr3xmn5x3t76qr64_nrzy3dr0000gn/T/npm-1345-812af7a8/registry.npmjs.org/cordova/-/cordova-5.1.1.tgz not in flight; adding
73 verbose addTmpTarball already have metadata; skipping unpack for cordova@5.1.1
74 silly cache afterAdd cordova@5.1.1
75 verbose afterAdd /Users/raquelnatalimariz/.npm/cordova/5.1.1/package/package.json not in flight; writing
76 verbose afterAdd /Users/raquelnatalimariz/.npm/cordova/5.1.1/package/package.json written
77 http fetch 200 https://registry.npmjs.org/ionic/-/ionic-1.6.1.tgz
78 silly fetchAndShaCheck shasum a523c04601dc594bc15ff3913ec5e376ccaafb8b
79 verbose addTmpTarball /var/folders/pr/jr3xmn5x3t76qr64_nrzy3dr0000gn/T/npm-1345-812af7a8/registry.npmjs.org/ionic/-/ionic-1.6.1.tgz not in flight; adding
80 verbose addTmpTarball already have metadata; skipping unpack for ionic@1.6.1
81 silly cache afterAdd ionic@1.6.1
82 verbose afterAdd /Users/raquelnatalimariz/.npm/ionic/1.6.1/package/package.json not in flight; writing
83 verbose afterAdd /Users/raquelnatalimariz/.npm/ionic/1.6.1/package/package.json written
84 silly install resolved [ { name: 'cordova',
84 silly install resolved     version: '5.1.1',
84 silly install resolved     preferGlobal: 'true',
84 silly install resolved     description: 'Cordova command line interface tool',
84 silly install resolved     main: 'cordova',
84 silly install resolved     engines: { node: '>=0.9.9' },
84 silly install resolved     engineStrict: true,
84 silly install resolved     bin: { cordova: './bin/cordova' },
84 silly install resolved     scripts:
84 silly install resolved      { test: 'node node_modules/jasmine-node/bin/jasmine-node --captureExceptions --color spec',
84 silly install resolved        cover: 'node node_modules/istanbul/lib/cli.js cover --root src --print detail node_modules/jasmine-node/bin/jasmine-node -- spec' },
84 silly install resolved     repository:
84 silly install resolved      { type: 'git',
84 silly install resolved        url: 'https://git-wip-us.apache.org/repos/asf/cordova-cli.git' },
84 silly install resolved     bugs:
84 silly install resolved      { url: 'https://issues.apache.org/jira/browse/CB',
84 silly install resolved        email: 'dev@cordova.apache.org' },
84 silly install resolved     keywords: [ 'cordova', 'client', 'cli' ],
84 silly install resolved     dependencies:
84 silly install resolved      { 'cordova-lib': '5.1.1',
84 silly install resolved        q: '1.0.1',
84 silly install resolved        nopt: '3.0.1',
84 silly install resolved        underscore: '1.7.0' },
84 silly install resolved     devDependencies:
84 silly install resolved      { istanbul: '^0.3.4',
84 silly install resolved        grunt: '0.4.5',
84 silly install resolved        'grunt-retire': '0.3.7',
84 silly install resolved        'jasmine-node': '1.14.5' },
84 silly install resolved     author: { name: 'Anis Kadri' },
84 silly install resolved     contributors:
84 silly install resolved      [ [Object],
84 silly install resolved        [Object],
84 silly install resolved        [Object],
84 silly install resolved        [Object],
84 silly install resolved        [Object],
84 silly install resolved        [Object],
84 silly install resolved        [Object],
84 silly install resolved        [Object],
84 silly install resolved        [Object],
84 silly install resolved        [Object],
84 silly install resolved        [Object],
84 silly install resolved        [Object],
84 silly install resolved        [Object],
84 silly install resolved        [Object],
84 silly install resolved        [Object],
84 silly install resolved        [Object],
84 silly install resolved        [Object],
84 silly install resolved        [Object],
84 silly install resolved        [Object],
84 silly install resolved        [Object],
84 silly install resolved        [Object],
84 silly install resolved        [Object],
84 silly install resolved        [Object],
84 silly install resolved        [Object] ],
84 silly install resolved     license: 'Apache version 2.0',
84 silly install resolved     _id: 'cordova@5.1.1',
84 silly install resolved     _shasum: 'a9da84a4b42eac67d4b661246c7a6704c350eaae',
84 silly install resolved     _resolved: 'https://registry.npmjs.org/cordova/-/cordova-5.1.1.tgz',
84 silly install resolved     _from: 'cordova@*',
84 silly install resolved     _npmVersion: '2.9.1',
84 silly install resolved     _nodeVersion: '0.10.36',
84 silly install resolved     _npmUser: { name: 'stevegill', email: 'stevengill97@gmail.com' },
84 silly install resolved     dist:
84 silly install resolved      { shasum: 'a9da84a4b42eac67d4b661246c7a6704c350eaae',
84 silly install resolved        tarball: 'http://registry.npmjs.org/cordova/-/cordova-5.1.1.tgz' },
84 silly install resolved     maintainers:
84 silly install resolved      [ [Object],
84 silly install resolved        [Object],
84 silly install resolved        [Object],
84 silly install resolved        [Object],
84 silly install resolved        [Object],
84 silly install resolved        [Object],
84 silly install resolved        [Object],
84 silly install resolved        [Object],
84 silly install resolved        [Object],
84 silly install resolved        [Object],
84 silly install resolved        [Object],
84 silly install resolved        [Object],
84 silly install resolved        [Object],
84 silly install resolved        [Object],
84 silly install resolved        [Object],
84 silly install resolved        [Object],
84 silly install resolved        [Object] ],
84 silly install resolved     directories: {} },
84 silly install resolved   { name: 'ionic',
84 silly install resolved     version: '1.6.1',
84 silly install resolved     preferGlobal: true,
84 silly install resolved     description: 'A tool for creating and developing Ionic Framework mobile apps.',
84 silly install resolved     homepage: 'http://ionicframework.com/',
84 silly install resolved     bin: { ionic: 'bin/ionic' },
84 silly install resolved     scripts:
84 silly install resolved      { bump: 'node lib/tasks/bumpversion',
84 silly install resolved        'beta-bump': 'node lib/tasks/bumpversion --level pre --identifier beta',
84 silly install resolved        'publish-release': 'node lib/tasks/bumpversion --npmPublish',
84 silly install resolved        'publish-tag': 'node lib/tasks/bumpversion --level beta --npmPublishTag',
84 silly install resolved        'full-release': 'node lib/tasks/bumpversion --npmInstall --git --npmPublish',
84 silly install resolved        test: 'npm run jasmine',
84 silly install resolved        e2e: 'jasmine-node --captureExceptions ./e2e',
84 silly install resolved        jasmine: 'jasmine-node --captureExceptions  ./spec' },
84 silly install resolved     keywords:
84 silly install resolved      [ 'ionic',
84 silly install resolved        'ionic framework',
84 silly install resolved        'ionicframework',
84 silly install resolved        'mobile',
84 silly install resolved        'app',
84 silly install resolved        'hybrid',
84 silly install resolved        'cordova',
84 silly install resolved        'phonegap' ],
84 silly install resolved     repository:
84 silly install resolved      { type: 'git',
84 silly install resolved        url: 'git+https://github.com/driftyco/ionic-cli.git' },
84 silly install resolved     contributors: [ [Object], [Object], [Object], [Object] ],
84 silly install resolved     license: 'MIT',
84 silly install resolved     dependencies:
84 silly install resolved      { async: '^0.9.0',
84 silly install resolved        cheerio: '^0.19.0',
84 silly install resolved        'cli-table': '^0.3.1',
84 silly install resolved        colors: '0.6.2',
84 silly install resolved        connect: '3.1.1',
84 silly install resolved        'connect-livereload': '0.5.2',
84 silly install resolved        crc: '3.2.1',
84 silly install resolved        'cross-spawn': '0.2.3',
84 silly install resolved        'event-stream': '3.0.x',
84 silly install resolved        finalhandler: '0.2.0',
84 silly install resolved        'form-data': '0.1.4',
84 silly install resolved        gulp: '3.8.8',
84 silly install resolved        'ionic-app-lib': '0.3.3',
84 silly install resolved        ncp: '0.4.2',
84 silly install resolved        npm: '2.1.3',
84 silly install resolved        'opbeat-ionic': '^1.1.3',
84 silly install resolved        open: '0.0.5',
84 silly install resolved        optimist: '0.6.0',
84 silly install resolved        progress: '1.1.7',
84 silly install resolved        prompt: '0.2.12',
84 silly install resolved        'proxy-middleware': '^0.7.0',
84 silly install resolved        q: '1.0.1',
84 silly install resolved        request: '2.51.0',
84 silly install resolved        semver: '^4.2.0',
84 silly install resolved        'serve-static': '1.7.1',
84 silly install resolved        shelljs: '0.2.6',
84 silly install resolved        'tiny-lr-fork': '0.0.5',
84 silly install resolved        underscore: '~1.7.0',
84 silly install resolved        unzip: '0.1.9',
84 silly install resolved        'vinyl-fs': '0.3.7',
84 silly install resolved        xml2js: '0.4.4' },
84 silly install resolved     devDependencies: { 'jasmine-node': '^1.14.5' },
84 silly install resolved     gitHead: 'cfd7ea48a500a63640d503cd4ee9a8ee58645b31',
84 silly install resolved     bugs: { url: 'https://github.com/driftyco/ionic-cli/issues' },
84 silly install resolved     _id: 'ionic@1.6.1',
84 silly install resolved     _shasum: 'a523c04601dc594bc15ff3913ec5e376ccaafb8b',
84 silly install resolved     _from: 'ionic@*',
84 silly install resolved     _npmVersion: '2.10.1',
84 silly install resolved     _nodeVersion: '0.12.4',
84 silly install resolved     _npmUser: { name: 'jbavari', email: 'jbavari@gmail.com' },
84 silly install resolved     dist:
84 silly install resolved      { shasum: 'a523c04601dc594bc15ff3913ec5e376ccaafb8b',
84 silly install resolved        tarball: 'http://registry.npmjs.org/ionic/-/ionic-1.6.1.tgz' },
84 silly install resolved     maintainers: [ [Object], [Object], [Object] ],
84 silly install resolved     directories: {},
84 silly install resolved     _resolved: 'https://registry.npmjs.org/ionic/-/ionic-1.6.1.tgz' } ]
85 info install cordova@5.1.1 into /usr/local/lib
86 info install ionic@1.6.1 into /usr/local/lib
87 info installOne cordova@5.1.1
88 verbose installOne of cordova to /usr/local/lib not in flight; installing
89 info installOne ionic@1.6.1
90 verbose installOne of ionic to /usr/local/lib not in flight; installing
91 verbose lock using /Users/raquelnatalimariz/.npm/_locks/cordova-fa12e2e096426a32.lock for /usr/local/lib/node_modules/cordova
92 verbose lock using /Users/raquelnatalimariz/.npm/_locks/ionic-61c0cd50dc7a1457.lock for /usr/local/lib/node_modules/ionic
93 silly install write writing cordova 5.1.1 to /usr/local/lib/node_modules/cordova
94 silly install write writing ionic 1.6.1 to /usr/local/lib/node_modules/ionic
95 verbose unbuild lib/node_modules/cordova
96 verbose unbuild lib/node_modules/ionic
97 silly gentlyRm /usr/local/lib/node_modules/cordova is being purged from base /usr/local
98 verbose gentlyRm don't care about contents; nuking /usr/local/lib/node_modules/cordova
99 silly gentlyRm /usr/local/lib/node_modules/ionic is being purged from base /usr/local
100 verbose gentlyRm don't care about contents; nuking /usr/local/lib/node_modules/ionic
101 verbose tar unpack /Users/raquelnatalimariz/.npm/cordova/5.1.1/package.tgz
102 verbose tar unpacking to /usr/local/lib/node_modules/cordova
103 silly gentlyRm /usr/local/lib/node_modules/cordova is being purged
104 verbose gentlyRm don't care about contents; nuking /usr/local/lib/node_modules/cordova
105 verbose tar unpack /Users/raquelnatalimariz/.npm/ionic/1.6.1/package.tgz
106 verbose tar unpacking to /usr/local/lib/node_modules/ionic
107 silly gentlyRm /usr/local/lib/node_modules/ionic is being purged
108 verbose gentlyRm don't care about contents; nuking /usr/local/lib/node_modules/ionic
109 silly gunzTarPerm modes [ '755', '644' ]
110 silly gunzTarPerm modes [ '755', '644' ]
111 error tar.unpack untar error /Users/raquelnatalimariz/.npm/cordova/5.1.1/package.tgz
112 error tar.unpack untar error /Users/raquelnatalimariz/.npm/ionic/1.6.1/package.tgz
113 verbose unlock done using /Users/raquelnatalimariz/.npm/_locks/cordova-fa12e2e096426a32.lock for /usr/local/lib/node_modules/cordova
114 verbose unlock done using /Users/raquelnatalimariz/.npm/_locks/ionic-61c0cd50dc7a1457.lock for /usr/local/lib/node_modules/ionic
115 verbose fstream_path /usr/local/lib/node_modules/cordova
116 verbose fstream_type Directory
117 verbose fstream_class DirWriter
118 verbose stack Error: EACCES, mkdir '/usr/local/lib/node_modules/cordova'
118 verbose stack     at Error (native)
119 verbose fstream_stack /usr/local/lib/node_modules/npm/node_modules/fstream/lib/dir-writer.js:35:25
119 verbose fstream_stack /usr/local/lib/node_modules/npm/node_modules/mkdirp/index.js:47:53
119 verbose fstream_stack FSReqWrap.oncomplete (fs.js:95:15)
120 verbose cwd /Users/raquelnatalimariz/GitHub/cyberscavenger
121 error Darwin 14.4.0
122 error argv "node" "/usr/local/bin/npm" "install" "-g" "cordova" "ionic"
123 error node v0.12.7
124 error npm  v2.11.3
125 error path /usr/local/lib/node_modules/cordova
126 error code EACCES
127 error errno -13
128 error Error: EACCES, mkdir '/usr/local/lib/node_modules/cordova'
128 error     at Error (native)
128 error  { [Error: EACCES, mkdir '/usr/local/lib/node_modules/cordova']
128 error   errno: -13,
128 error   code: 'EACCES',
128 error   path: '/usr/local/lib/node_modules/cordova',
128 error   fstream_type: 'Directory',
128 error   fstream_path: '/usr/local/lib/node_modules/cordova',
128 error   fstream_class: 'DirWriter',
128 error   fstream_stack:
128 error    [ '/usr/local/lib/node_modules/npm/node_modules/fstream/lib/dir-writer.js:35:25',
128 error      '/usr/local/lib/node_modules/npm/node_modules/mkdirp/index.js:47:53',
128 error      'FSReqWrap.oncomplete (fs.js:95:15)' ] }
129 error Please try running this command again as root/Administrator.
130 verbose exit [ -13, true ]
131 verbose unbuild lib/node_modules/cordova
132 silly gentlyRm /usr/local/lib/node_modules/cordova is being purged from base /usr/local
133 verbose gentlyRm don't care about contents; nuking /usr/local/lib/node_modules/cordova
134 verbose unbuild lib/node_modules/ionic
135 silly gentlyRm /usr/local/lib/node_modules/ionic is being purged from base /usr/local
136 verbose gentlyRm don't care about contents; nuking /usr/local/lib/node_modules/ionic
